<?xml version="1.0" encoding="UTF-8"?>
<!-- Generated by org.testng.reporters.JUnitReportReporter -->
<testsuite hostname="Mayank" failures="0" tests="1" name="testCases.TC01_AccRegTest" time="1.772" errors="0" timestamp="2024-11-27T11:12:26 IST" skipped="0">
  <testcase classname="testCases.TC01_AccRegTest" name="verify_acc_reg" time="1.772"/>
  <system-out/>
</testsuite> <!-- testCases.TC01_AccRegTest -->
