<?xml version="1.0" encoding="UTF-8"?>
<!-- Generated by org.testng.reporters.JUnitReportReporter -->
<testsuite hostname="Mayank" failures="0" tests="1" name="testCases.TC02_LoginTest" time="1.249" errors="0" timestamp="2024-11-27T11:12:26 IST" skipped="0">
  <testcase classname="testCases.TC02_LoginTest" name="verify_login" time="1.249"/>
  <system-out/>
</testsuite> <!-- testCases.TC02_LoginTest -->
